<?xml version="1.0" encoding="UTF-8"?>
<robot generator="Robot 3.1.2 (Python 3.8.1 on win32)" generated="20200319 14:51:12.689" rpa="false">
<suite id="s1" name="Tests" source="C:\Users\needt\PycharmProjects\automtest20_lab2\Tests">
<suite id="s1-s1" name="Lab2" source="C:\Users\needt\PycharmProjects\automtest20_lab2\Tests\lab2.robot">
<test id="s1-s1-t1" name="Log in with the wrong credentials">
<kw name="Begin Web Test" library="keywords" type="setup">
<kw name="Open Browser" library="SeleniumLibrary">
<doc>Opens a new browser instance to the optional ``url``.</doc>
<arguments>
<arg>about:blank</arg>
<arg>${BROWSER}</arg>
</arguments>
<msg timestamp="20200319 14:51:13.251" level="INFO">Opening browser 'chrome' to base url 'about:blank'.</msg>
<status status="PASS" starttime="20200319 14:51:13.250" endtime="20200319 14:51:18.671"></status>
</kw>
<kw name="Maximize Browser Window" library="SeleniumLibrary">
<doc>Maximizes current browser window.</doc>
<status status="PASS" starttime="20200319 14:51:18.671" endtime="20200319 14:51:23.070"></status>
</kw>
<kw name="Go To Web Page" library="keywords">
<kw name="Go To" library="SeleniumLibrary">
<doc>Navigates the current browser window to the provided ``url``.</doc>
<arguments>
<arg>${URL}</arg>
</arguments>
<msg timestamp="20200319 14:51:23.072" level="INFO">Opening url 'http://rental20.infotiv.net/'</msg>
<status status="PASS" starttime="20200319 14:51:23.071" endtime="20200319 14:51:24.665"></status>
</kw>
<status status="PASS" starttime="20200319 14:51:23.071" endtime="20200319 14:51:24.666"></status>
</kw>
<kw name="Verify Page Loaded" library="keywords">
<kw name="Get Text" library="SeleniumLibrary">
<doc>Returns the text value of the element identified by ``locator``.</doc>
<arguments>
<arg>id:questionText</arg>
</arguments>
<assign>
<var>${link_text}</var>
</assign>
<msg timestamp="20200319 14:51:24.840" level="INFO">${link_text} = When do you want to make your trip?</msg>
<status status="PASS" starttime="20200319 14:51:24.666" endtime="20200319 14:51:24.840"></status>
</kw>
<kw name="Should Be Equal" library="BuiltIn">
<doc>Fails if the given objects are unequal.</doc>
<arguments>
<arg>${link_text}</arg>
<arg>When do you want to make your trip?</arg>
</arguments>
<status status="PASS" starttime="20200319 14:51:24.840" endtime="20200319 14:51:24.841"></status>
</kw>
<status status="PASS" starttime="20200319 14:51:24.666" endtime="20200319 14:51:24.841"></status>
</kw>
<status status="PASS" starttime="20200319 14:51:13.250" endtime="20200319 14:51:24.841"></status>
</kw>
<kw name="Go To Web Page" library="keywords">
<kw name="Go To" library="SeleniumLibrary">
<doc>Navigates the current browser window to the provided ``url``.</doc>
<arguments>
<arg>${URL}</arg>
</arguments>
<msg timestamp="20200319 14:51:24.850" level="INFO">Opening url 'http://rental20.infotiv.net/'</msg>
<status status="PASS" starttime="20200319 14:51:24.849" endtime="20200319 14:51:25.353"></status>
</kw>
<status status="PASS" starttime="20200319 14:51:24.849" endtime="20200319 14:51:25.353"></status>
</kw>
<kw name="Verify Page Loaded" library="keywords">
<kw name="Get Text" library="SeleniumLibrary">
<doc>Returns the text value of the element identified by ``locator``.</doc>
<arguments>
<arg>id:questionText</arg>
</arguments>
<assign>
<var>${link_text}</var>
</assign>
<msg timestamp="20200319 14:51:25.466" level="INFO">${link_text} = When do you want to make your trip?</msg>
<status status="PASS" starttime="20200319 14:51:25.354" endtime="20200319 14:51:25.467"></status>
</kw>
<kw name="Should Be Equal" library="BuiltIn">
<doc>Fails if the given objects are unequal.</doc>
<arguments>
<arg>${link_text}</arg>
<arg>When do you want to make your trip?</arg>
</arguments>
<status status="PASS" starttime="20200319 14:51:25.467" endtime="20200319 14:51:25.468"></status>
</kw>
<status status="PASS" starttime="20200319 14:51:25.354" endtime="20200319 14:51:25.468"></status>
</kw>
<kw name="Enter Email" library="keywords">
<arguments>
<arg>${BAD_EMAIL}</arg>
</arguments>
<kw name="Input Text" library="SeleniumLibrary">
<doc>Types the given ``text`` into the text field identified by ``locator``.</doc>
<arguments>
<arg>xpath://input[@id="email"]</arg>
<arg>${email}</arg>
</arguments>
<msg timestamp="20200319 14:51:25.471" level="INFO">Typing text 'wrong@as.can.be' into text field 'xpath://input[@id="email"]'.</msg>
<status status="PASS" starttime="20200319 14:51:25.470" endtime="20200319 14:51:26.134"></status>
</kw>
<status status="PASS" starttime="20200319 14:51:25.469" endtime="20200319 14:51:26.135"></status>
</kw>
<kw name="ENTER PASSWORD" library="keywords">
<arguments>
<arg>${BAD_PASSWORD}</arg>
</arguments>
<kw name="Input Text" library="SeleniumLibrary">
<doc>Types the given ``text`` into the text field identified by ``locator``.</doc>
<arguments>
<arg>xpath://input[@id="password"]</arg>
<arg>${password}</arg>
</arguments>
<msg timestamp="20200319 14:51:26.139" level="INFO">Typing text 'ClearlyWrong' into text field 'xpath://input[@id="password"]'.</msg>
<status status="PASS" starttime="20200319 14:51:26.138" endtime="20200319 14:51:26.491"></status>
</kw>
<status status="PASS" starttime="20200319 14:51:26.137" endtime="20200319 14:51:26.491"></status>
</kw>
<kw name="Click Button Login" library="keywords">
<kw name="Click Button" library="SeleniumLibrary">
<doc>Clicks the button identified by ``locator``.</doc>
<arguments>
<arg>xpath://button[@id="login"]</arg>
</arguments>
<msg timestamp="20200319 14:51:26.499" level="INFO">Clicking button 'xpath://button[@id="login"]'.</msg>
<status status="PASS" starttime="20200319 14:51:26.499" endtime="20200319 14:51:27.305"></status>
</kw>
<status status="PASS" starttime="20200319 14:51:26.498" endtime="20200319 14:51:27.305"></status>
</kw>
<kw name="Verify Login Failed" library="keywords">
<kw name="Wait Until Page Contains Element" library="SeleniumLibrary">
<doc>Waits until the element ``locator`` appears on the current page.</doc>
<arguments>
<arg>xpath://label[@id="signInError"]</arg>
</arguments>
<status status="PASS" starttime="20200319 14:51:27.317" endtime="20200319 14:51:27.385"></status>
</kw>
<kw name="Get Text" library="SeleniumLibrary">
<doc>Returns the text value of the element identified by ``locator``.</doc>
<arguments>
<arg>xpath://label[@id="signInError"]</arg>
</arguments>
<assign>
<var>${status_message}</var>
</assign>
<msg timestamp="20200319 14:51:27.476" level="INFO">${status_message} = Wrong e-mail or password</msg>
<status status="PASS" starttime="20200319 14:51:27.385" endtime="20200319 14:51:27.476"></status>
</kw>
<kw name="Should Be Equal" library="BuiltIn">
<doc>Fails if the given objects are unequal.</doc>
<arguments>
<arg>${status_message}</arg>
<arg>Wrong e-mail or password</arg>
</arguments>
<status status="PASS" starttime="20200319 14:51:27.476" endtime="20200319 14:51:27.477"></status>
</kw>
<status status="PASS" starttime="20200319 14:51:27.316" endtime="20200319 14:51:27.477"></status>
</kw>
<kw name="End Web Test" library="keywords" type="teardown">
<kw name="Close Browser" library="SeleniumLibrary">
<doc>Closes the current browser.</doc>
<status status="PASS" starttime="20200319 14:51:27.482" endtime="20200319 14:51:30.108"></status>
</kw>
<status status="PASS" starttime="20200319 14:51:27.481" endtime="20200319 14:51:30.109"></status>
</kw>
<doc>User logging in with the wrong credentials</doc>
<tags>
<tag>Testfall 1: Negative</tag>
</tags>
<status status="PASS" starttime="20200319 14:51:13.248" endtime="20200319 14:51:30.118" critical="yes"></status>
</test>
<test id="s1-s1-t2" name="Test MyPage Gherkin">
<kw name="Begin Web Test" library="keywords" type="setup">
<kw name="Open Browser" library="SeleniumLibrary">
<doc>Opens a new browser instance to the optional ``url``.</doc>
<arguments>
<arg>about:blank</arg>
<arg>${BROWSER}</arg>
</arguments>
<msg timestamp="20200319 14:51:30.133" level="INFO">Opening browser 'chrome' to base url 'about:blank'.</msg>
<status status="PASS" starttime="20200319 14:51:30.132" endtime="20200319 14:51:37.441"></status>
</kw>
<kw name="Maximize Browser Window" library="SeleniumLibrary">
<doc>Maximizes current browser window.</doc>
<status status="PASS" starttime="20200319 14:51:37.442" endtime="20200319 14:51:41.763"></status>
</kw>
<kw name="Go To Web Page" library="keywords">
<kw name="Go To" library="SeleniumLibrary">
<doc>Navigates the current browser window to the provided ``url``.</doc>
<arguments>
<arg>${URL}</arg>
</arguments>
<msg timestamp="20200319 14:51:41.764" level="INFO">Opening url 'http://rental20.infotiv.net/'</msg>
<status status="PASS" starttime="20200319 14:51:41.764" endtime="20200319 14:51:43.327"></status>
</kw>
<status status="PASS" starttime="20200319 14:51:41.763" endtime="20200319 14:51:43.327"></status>
</kw>
<kw name="Verify Page Loaded" library="keywords">
<kw name="Get Text" library="SeleniumLibrary">
<doc>Returns the text value of the element identified by ``locator``.</doc>
<arguments>
<arg>id:questionText</arg>
</arguments>
<assign>
<var>${link_text}</var>
</assign>
<msg timestamp="20200319 14:51:43.491" level="INFO">${link_text} = When do you want to make your trip?</msg>
<status status="PASS" starttime="20200319 14:51:43.328" endtime="20200319 14:51:43.491"></status>
</kw>
<kw name="Should Be Equal" library="BuiltIn">
<doc>Fails if the given objects are unequal.</doc>
<arguments>
<arg>${link_text}</arg>
<arg>When do you want to make your trip?</arg>
</arguments>
<status status="PASS" starttime="20200319 14:51:43.492" endtime="20200319 14:51:43.492"></status>
</kw>
<status status="PASS" starttime="20200319 14:51:43.327" endtime="20200319 14:51:43.492"></status>
</kw>
<status status="PASS" starttime="20200319 14:51:30.131" endtime="20200319 14:51:43.493"></status>
</kw>
<kw name="Given That User Already Registered" library="keywords">
<kw name="Go To Web Page" library="keywords">
<kw name="Go To" library="SeleniumLibrary">
<doc>Navigates the current browser window to the provided ``url``.</doc>
<arguments>
<arg>${URL}</arg>
</arguments>
<msg timestamp="20200319 14:51:43.777" level="INFO">Opening url 'http://rental20.infotiv.net/'</msg>
<status status="PASS" starttime="20200319 14:51:43.776" endtime="20200319 14:51:44.180"></status>
</kw>
<status status="PASS" starttime="20200319 14:51:43.776" endtime="20200319 14:51:44.181"></status>
</kw>
<kw name="Verify Page Loaded" library="keywords">
<kw name="Get Text" library="SeleniumLibrary">
<doc>Returns the text value of the element identified by ``locator``.</doc>
<arguments>
<arg>id:questionText</arg>
</arguments>
<assign>
<var>${link_text}</var>
</assign>
<msg timestamp="20200319 14:51:44.263" level="INFO">${link_text} = When do you want to make your trip?</msg>
<status status="PASS" starttime="20200319 14:51:44.182" endtime="20200319 14:51:44.263"></status>
</kw>
<kw name="Should Be Equal" library="BuiltIn">
<doc>Fails if the given objects are unequal.</doc>
<arguments>
<arg>${link_text}</arg>
<arg>When do you want to make your trip?</arg>
</arguments>
<status status="PASS" starttime="20200319 14:51:44.264" endtime="20200319 14:51:44.264"></status>
</kw>
<status status="PASS" starttime="20200319 14:51:44.181" endtime="20200319 14:51:44.264"></status>
</kw>
<status status="PASS" starttime="20200319 14:51:43.775" endtime="20200319 14:51:44.265"></status>
</kw>
<kw name="When User Logs In And Clicks My Page" library="keywords">
<kw name="Enter Email" library="keywords">
<arguments>
<arg>${EMAIL}</arg>
</arguments>
<kw name="Input Text" library="SeleniumLibrary">
<doc>Types the given ``text`` into the text field identified by ``locator``.</doc>
<arguments>
<arg>xpath://input[@id="email"]</arg>
<arg>${email}</arg>
</arguments>
<msg timestamp="20200319 14:51:44.276" level="INFO">Typing text 'needtsleep@gmail.com' into text field 'xpath://input[@id="email"]'.</msg>
<status status="PASS" starttime="20200319 14:51:44.275" endtime="20200319 14:51:44.799"></status>
</kw>
<status status="PASS" starttime="20200319 14:51:44.275" endtime="20200319 14:51:44.799"></status>
</kw>
<kw name="ENTER PASSWORD" library="keywords">
<arguments>
<arg>${PASSWORD}</arg>
</arguments>
<kw name="Input Text" library="SeleniumLibrary">
<doc>Types the given ``text`` into the text field identified by ``locator``.</doc>
<arguments>
<arg>xpath://input[@id="password"]</arg>
<arg>${password}</arg>
</arguments>
<msg timestamp="20200319 14:51:44.800" level="INFO">Typing text 'murre123' into text field 'xpath://input[@id="password"]'.</msg>
<status status="PASS" starttime="20200319 14:51:44.800" endtime="20200319 14:51:45.275"></status>
</kw>
<status status="PASS" starttime="20200319 14:51:44.799" endtime="20200319 14:51:45.275"></status>
</kw>
<kw name="Click Button Login" library="keywords">
<kw name="Click Button" library="SeleniumLibrary">
<doc>Clicks the button identified by ``locator``.</doc>
<arguments>
<arg>xpath://button[@id="login"]</arg>
</arguments>
<msg timestamp="20200319 14:51:45.276" level="INFO">Clicking button 'xpath://button[@id="login"]'.</msg>
<status status="PASS" starttime="20200319 14:51:45.276" endtime="20200319 14:51:46.146"></status>
</kw>
<status status="PASS" starttime="20200319 14:51:45.275" endtime="20200319 14:51:46.146"></status>
</kw>
<kw name="Verify Login Page Loaded" library="keywords">
<kw name="Wait Until Page Contains Element" library="SeleniumLibrary">
<doc>Waits until the element ``locator`` appears on the current page.</doc>
<arguments>
<arg>xpath://label[@id="welcomePhrase"]</arg>
</arguments>
<status status="PASS" starttime="20200319 14:51:46.147" endtime="20200319 14:51:46.214"></status>
</kw>
<status status="PASS" starttime="20200319 14:51:46.146" endtime="20200319 14:51:46.214"></status>
</kw>
<status status="PASS" starttime="20200319 14:51:44.274" endtime="20200319 14:51:46.214"></status>
</kw>
<kw name="Then The User Expects To See Page" library="keywords">
<kw name="Click Button Mypage" library="keywords">
<kw name="Click Button" library="SeleniumLibrary">
<doc>Clicks the button identified by ``locator``.</doc>
<arguments>
<arg>xpath://button[@id="mypage"]</arg>
</arguments>
<msg timestamp="20200319 14:51:46.221" level="INFO">Clicking button 'xpath://button[@id="mypage"]'.</msg>
<status status="PASS" starttime="20200319 14:51:46.220" endtime="20200319 14:51:46.758"></status>
</kw>
<kw name="Get Title" library="SeleniumLibrary">
<doc>Returns the title of the current page.</doc>
<assign>
<var>${title_value}</var>
</assign>
<msg timestamp="20200319 14:51:46.767" level="INFO">${title_value} = Mypage</msg>
<status status="PASS" starttime="20200319 14:51:46.758" endtime="20200319 14:51:46.768"></status>
</kw>
<kw name="Should Be Equal" library="BuiltIn">
<doc>Fails if the given objects are unequal.</doc>
<arguments>
<arg>${title_value}</arg>
<arg>Mypage</arg>
</arguments>
<status status="PASS" starttime="20200319 14:51:46.769" endtime="20200319 14:51:46.770"></status>
</kw>
<status status="PASS" starttime="20200319 14:51:46.217" endtime="20200319 14:51:46.770"></status>
</kw>
<status status="PASS" starttime="20200319 14:51:46.216" endtime="20200319 14:51:46.770"></status>
</kw>
<kw name="End Web Test" library="keywords" type="teardown">
<kw name="Close Browser" library="SeleniumLibrary">
<doc>Closes the current browser.</doc>
<status status="PASS" starttime="20200319 14:51:46.776" endtime="20200319 14:51:49.204"></status>
</kw>
<status status="PASS" starttime="20200319 14:51:46.775" endtime="20200319 14:51:49.205"></status>
</kw>
<doc>Given that user is registered, the user logs in and clicks the My Page button expecting to see their personal page.</doc>
<tags>
<tag>Testfall 2: Gherkin Test MyPage</tag>
</tags>
<status status="PASS" starttime="20200319 14:51:30.129" endtime="20200319 14:51:49.207" critical="yes"></status>
</test>
<test id="s1-s1-t3" name="Input No Value">
<kw name="Begin Web Test" library="keywords" type="setup">
<kw name="Open Browser" library="SeleniumLibrary">
<doc>Opens a new browser instance to the optional ``url``.</doc>
<arguments>
<arg>about:blank</arg>
<arg>${BROWSER}</arg>
</arguments>
<msg timestamp="20200319 14:51:49.215" level="INFO">Opening browser 'chrome' to base url 'about:blank'.</msg>
<status status="PASS" starttime="20200319 14:51:49.214" endtime="20200319 14:51:55.660"></status>
</kw>
<kw name="Maximize Browser Window" library="SeleniumLibrary">
<doc>Maximizes current browser window.</doc>
<status status="PASS" starttime="20200319 14:51:55.660" endtime="20200319 14:52:00.138"></status>
</kw>
<kw name="Go To Web Page" library="keywords">
<kw name="Go To" library="SeleniumLibrary">
<doc>Navigates the current browser window to the provided ``url``.</doc>
<arguments>
<arg>${URL}</arg>
</arguments>
<msg timestamp="20200319 14:52:00.139" level="INFO">Opening url 'http://rental20.infotiv.net/'</msg>
<status status="PASS" starttime="20200319 14:52:00.139" endtime="20200319 14:52:01.363"></status>
</kw>
<status status="PASS" starttime="20200319 14:52:00.138" endtime="20200319 14:52:01.364"></status>
</kw>
<kw name="Verify Page Loaded" library="keywords">
<kw name="Get Text" library="SeleniumLibrary">
<doc>Returns the text value of the element identified by ``locator``.</doc>
<arguments>
<arg>id:questionText</arg>
</arguments>
<assign>
<var>${link_text}</var>
</assign>
<msg timestamp="20200319 14:52:01.619" level="INFO">${link_text} = When do you want to make your trip?</msg>
<status status="PASS" starttime="20200319 14:52:01.365" endtime="20200319 14:52:01.619"></status>
</kw>
<kw name="Should Be Equal" library="BuiltIn">
<doc>Fails if the given objects are unequal.</doc>
<arguments>
<arg>${link_text}</arg>
<arg>When do you want to make your trip?</arg>
</arguments>
<status status="PASS" starttime="20200319 14:52:01.619" endtime="20200319 14:52:01.620"></status>
</kw>
<status status="PASS" starttime="20200319 14:52:01.364" endtime="20200319 14:52:01.620"></status>
</kw>
<status status="PASS" starttime="20200319 14:51:49.213" endtime="20200319 14:52:01.620"></status>
</kw>
<kw name="Go To Web Page" library="keywords">
<kw name="Go To" library="SeleniumLibrary">
<doc>Navigates the current browser window to the provided ``url``.</doc>
<arguments>
<arg>${URL}</arg>
</arguments>
<msg timestamp="20200319 14:52:01.636" level="INFO">Opening url 'http://rental20.infotiv.net/'</msg>
<status status="PASS" starttime="20200319 14:52:01.636" endtime="20200319 14:52:01.979"></status>
</kw>
<status status="PASS" starttime="20200319 14:52:01.635" endtime="20200319 14:52:01.982"></status>
</kw>
<kw name="Verify Page Loaded" library="keywords">
<kw name="Get Text" library="SeleniumLibrary">
<doc>Returns the text value of the element identified by ``locator``.</doc>
<arguments>
<arg>id:questionText</arg>
</arguments>
<assign>
<var>${link_text}</var>
</assign>
<msg timestamp="20200319 14:52:02.204" level="INFO">${link_text} = When do you want to make your trip?</msg>
<status status="PASS" starttime="20200319 14:52:02.021" endtime="20200319 14:52:02.205"></status>
</kw>
<kw name="Should Be Equal" library="BuiltIn">
<doc>Fails if the given objects are unequal.</doc>
<arguments>
<arg>${link_text}</arg>
<arg>When do you want to make your trip?</arg>
</arguments>
<status status="PASS" starttime="20200319 14:52:02.205" endtime="20200319 14:52:02.205"></status>
</kw>
<status status="PASS" starttime="20200319 14:52:02.020" endtime="20200319 14:52:02.206"></status>
</kw>
<kw name="Click Button Login" library="keywords">
<kw name="Click Button" library="SeleniumLibrary">
<doc>Clicks the button identified by ``locator``.</doc>
<arguments>
<arg>xpath://button[@id="login"]</arg>
</arguments>
<msg timestamp="20200319 14:52:02.218" level="INFO">Clicking button 'xpath://button[@id="login"]'.</msg>
<status status="PASS" starttime="20200319 14:52:02.216" endtime="20200319 14:52:03.433"></status>
</kw>
<status status="PASS" starttime="20200319 14:52:02.215" endtime="20200319 14:52:03.433"></status>
</kw>
<kw name="Verify Login Page Warning" library="keywords">
<kw name="Element Attribute Value Should Be" library="SeleniumLibrary">
<doc>Verifies element identified by ``locator`` contains expected attribute value.</doc>
<arguments>
<arg>xpath://*[@id="email"]</arg>
<arg>required</arg>
<arg>true</arg>
</arguments>
<msg timestamp="20200319 14:52:03.940" level="INFO">Element 'xpath://*[@id="email"]' attribute 'required' contains value 'true'.</msg>
<status status="PASS" starttime="20200319 14:52:03.616" endtime="20200319 14:52:03.941"></status>
</kw>
<status status="PASS" starttime="20200319 14:52:03.615" endtime="20200319 14:52:03.941"></status>
</kw>
<kw name="End Web Test" library="keywords" type="teardown">
<kw name="Close Browser" library="SeleniumLibrary">
<doc>Closes the current browser.</doc>
<status status="PASS" starttime="20200319 14:52:04.027" endtime="20200319 14:52:06.890"></status>
</kw>
<status status="PASS" starttime="20200319 14:52:04.026" endtime="20200319 14:52:06.891"></status>
</kw>
<doc>Submit field with no value</doc>
<tags>
<tag>Testfall 3: Submit no value</tag>
</tags>
<status status="PASS" starttime="20200319 14:51:49.212" endtime="20200319 14:52:06.893" critical="yes"></status>
</test>
<test id="s1-s1-t4" name="Reset button on Date Selection">
<kw name="Begin Web Test" library="keywords" type="setup">
<kw name="Open Browser" library="SeleniumLibrary">
<doc>Opens a new browser instance to the optional ``url``.</doc>
<arguments>
<arg>about:blank</arg>
<arg>${BROWSER}</arg>
</arguments>
<msg timestamp="20200319 14:52:06.905" level="INFO">Opening browser 'chrome' to base url 'about:blank'.</msg>
<status status="PASS" starttime="20200319 14:52:06.905" endtime="20200319 14:52:13.369"></status>
</kw>
<kw name="Maximize Browser Window" library="SeleniumLibrary">
<doc>Maximizes current browser window.</doc>
<status status="PASS" starttime="20200319 14:52:13.369" endtime="20200319 14:52:17.558"></status>
</kw>
<kw name="Go To Web Page" library="keywords">
<kw name="Go To" library="SeleniumLibrary">
<doc>Navigates the current browser window to the provided ``url``.</doc>
<arguments>
<arg>${URL}</arg>
</arguments>
<msg timestamp="20200319 14:52:17.561" level="INFO">Opening url 'http://rental20.infotiv.net/'</msg>
<status status="PASS" starttime="20200319 14:52:17.559" endtime="20200319 14:52:18.841"></status>
</kw>
<status status="PASS" starttime="20200319 14:52:17.558" endtime="20200319 14:52:18.842"></status>
</kw>
<kw name="Verify Page Loaded" library="keywords">
<kw name="Get Text" library="SeleniumLibrary">
<doc>Returns the text value of the element identified by ``locator``.</doc>
<arguments>
<arg>id:questionText</arg>
</arguments>
<assign>
<var>${link_text}</var>
</assign>
<msg timestamp="20200319 14:52:18.941" level="INFO">${link_text} = When do you want to make your trip?</msg>
<status status="PASS" starttime="20200319 14:52:18.844" endtime="20200319 14:52:18.941"></status>
</kw>
<kw name="Should Be Equal" library="BuiltIn">
<doc>Fails if the given objects are unequal.</doc>
<arguments>
<arg>${link_text}</arg>
<arg>When do you want to make your trip?</arg>
</arguments>
<status status="PASS" starttime="20200319 14:52:18.941" endtime="20200319 14:52:18.941"></status>
</kw>
<status status="PASS" starttime="20200319 14:52:18.843" endtime="20200319 14:52:18.942"></status>
</kw>
<status status="PASS" starttime="20200319 14:52:06.904" endtime="20200319 14:52:18.942"></status>
</kw>
<kw name="Go To Web Page" library="keywords">
<kw name="Go To" library="SeleniumLibrary">
<doc>Navigates the current browser window to the provided ``url``.</doc>
<arguments>
<arg>${URL}</arg>
</arguments>
<msg timestamp="20200319 14:52:18.944" level="INFO">Opening url 'http://rental20.infotiv.net/'</msg>
<status status="PASS" starttime="20200319 14:52:18.943" endtime="20200319 14:52:19.272"></status>
</kw>
<status status="PASS" starttime="20200319 14:52:18.943" endtime="20200319 14:52:19.272"></status>
</kw>
<kw name="Verify Page Loaded" library="keywords">
<kw name="Get Text" library="SeleniumLibrary">
<doc>Returns the text value of the element identified by ``locator``.</doc>
<arguments>
<arg>id:questionText</arg>
</arguments>
<assign>
<var>${link_text}</var>
</assign>
<msg timestamp="20200319 14:52:19.377" level="INFO">${link_text} = When do you want to make your trip?</msg>
<status status="PASS" starttime="20200319 14:52:19.273" endtime="20200319 14:52:19.377"></status>
</kw>
<kw name="Should Be Equal" library="BuiltIn">
<doc>Fails if the given objects are unequal.</doc>
<arguments>
<arg>${link_text}</arg>
<arg>When do you want to make your trip?</arg>
</arguments>
<status status="PASS" starttime="20200319 14:52:19.377" endtime="20200319 14:52:19.378"></status>
</kw>
<status status="PASS" starttime="20200319 14:52:19.273" endtime="20200319 14:52:19.378"></status>
</kw>
<kw name="Delete Date" library="keywords">
<kw name="Input Text" library="SeleniumLibrary">
<doc>Types the given ``text`` into the text field identified by ``locator``.</doc>
<arguments>
<arg>xpath://input[@id="start"]</arg>
<arg>0000-00-00</arg>
</arguments>
<msg timestamp="20200319 14:52:19.383" level="INFO">Typing text '0000-00-00' into text field 'xpath://input[@id="start"]'.</msg>
<status status="PASS" starttime="20200319 14:52:19.382" endtime="20200319 14:52:19.812"></status>
</kw>
<kw name="Click Button" library="SeleniumLibrary">
<doc>Clicks the button identified by ``locator``.</doc>
<arguments>
<arg>xpath://button[@id="continue"]</arg>
</arguments>
<msg timestamp="20200319 14:52:19.812" level="INFO">Clicking button 'xpath://button[@id="continue"]'.</msg>
<status status="PASS" starttime="20200319 14:52:19.812" endtime="20200319 14:52:20.422"></status>
</kw>
<kw name="Element Attribute Value Should Be" library="SeleniumLibrary">
<doc>Verifies element identified by ``locator`` contains expected attribute value.</doc>
<arguments>
<arg>xpath://*[@id="start"]</arg>
<arg>required</arg>
<arg>true</arg>
</arguments>
<msg timestamp="20200319 14:52:20.749" level="INFO">Element 'xpath://*[@id="start"]' attribute 'required' contains value 'true'.</msg>
<status status="PASS" starttime="20200319 14:52:20.423" endtime="20200319 14:52:20.750"></status>
</kw>
<status status="PASS" starttime="20200319 14:52:19.382" endtime="20200319 14:52:20.750"></status>
</kw>
<kw name="Click Reset button and go to the next page" library="keywords">
<kw name="Click Button" library="SeleniumLibrary">
<doc>Clicks the button identified by ``locator``.</doc>
<arguments>
<arg>xpath://button[@id="reset"]</arg>
</arguments>
<msg timestamp="20200319 14:52:20.754" level="INFO">Clicking button 'xpath://button[@id="reset"]'.</msg>
<status status="PASS" starttime="20200319 14:52:20.753" endtime="20200319 14:52:21.930"></status>
</kw>
<kw name="Click Button" library="SeleniumLibrary">
<doc>Clicks the button identified by ``locator``.</doc>
<arguments>
<arg>xpath://button[@id="continue"]</arg>
</arguments>
<msg timestamp="20200319 14:52:21.931" level="INFO">Clicking button 'xpath://button[@id="continue"]'.</msg>
<status status="PASS" starttime="20200319 14:52:21.931" endtime="20200319 14:52:24.096"></status>
</kw>
<kw name="Get Text" library="SeleniumLibrary">
<doc>Returns the text value of the element identified by ``locator``.</doc>
<arguments>
<arg>id:questionText</arg>
</arguments>
<assign>
<var>${link_text}</var>
</assign>
<msg timestamp="20200319 14:52:24.229" level="INFO">${link_text} = What would you like to drive?</msg>
<status status="PASS" starttime="20200319 14:52:24.097" endtime="20200319 14:52:24.229"></status>
</kw>
<kw name="Should Be Equal" library="BuiltIn">
<doc>Fails if the given objects are unequal.</doc>
<arguments>
<arg>${link_text}</arg>
<arg>What would you like to drive?</arg>
</arguments>
<status status="PASS" starttime="20200319 14:52:24.230" endtime="20200319 14:52:24.230"></status>
</kw>
<status status="PASS" starttime="20200319 14:52:20.753" endtime="20200319 14:52:24.230"></status>
</kw>
<kw name="End Web Test" library="keywords" type="teardown">
<kw name="Close Browser" library="SeleniumLibrary">
<doc>Closes the current browser.</doc>
<status status="PASS" starttime="20200319 14:52:24.252" endtime="20200319 14:52:27.230"></status>
</kw>
<status status="PASS" starttime="20200319 14:52:24.251" endtime="20200319 14:52:27.231"></status>
</kw>
<doc>Reset button on date selection should go back to a correct date after entering 0 in the date.</doc>
<tags>
<tag>Testfall 4: Reset Button</tag>
</tags>
<status status="PASS" starttime="20200319 14:52:06.901" endtime="20200319 14:52:27.232" critical="yes"></status>
</test>
<test id="s1-s1-t5" name="Long test">
<kw name="Begin Web Test" library="keywords" type="setup">
<kw name="Open Browser" library="SeleniumLibrary">
<doc>Opens a new browser instance to the optional ``url``.</doc>
<arguments>
<arg>about:blank</arg>
<arg>${BROWSER}</arg>
</arguments>
<msg timestamp="20200319 14:52:27.244" level="INFO">Opening browser 'chrome' to base url 'about:blank'.</msg>
<status status="PASS" starttime="20200319 14:52:27.243" endtime="20200319 14:52:33.403"></status>
</kw>
<kw name="Maximize Browser Window" library="SeleniumLibrary">
<doc>Maximizes current browser window.</doc>
<status status="PASS" starttime="20200319 14:52:33.403" endtime="20200319 14:52:35.647"></status>
</kw>
<kw name="Go To Web Page" library="keywords">
<kw name="Go To" library="SeleniumLibrary">
<doc>Navigates the current browser window to the provided ``url``.</doc>
<arguments>
<arg>${URL}</arg>
</arguments>
<msg timestamp="20200319 14:52:35.648" level="INFO">Opening url 'http://rental20.infotiv.net/'</msg>
<status status="PASS" starttime="20200319 14:52:35.648" endtime="20200319 14:52:36.676"></status>
</kw>
<status status="PASS" starttime="20200319 14:52:35.647" endtime="20200319 14:52:36.677"></status>
</kw>
<kw name="Verify Page Loaded" library="keywords">
<kw name="Get Text" library="SeleniumLibrary">
<doc>Returns the text value of the element identified by ``locator``.</doc>
<arguments>
<arg>id:questionText</arg>
</arguments>
<assign>
<var>${link_text}</var>
</assign>
<msg timestamp="20200319 14:52:36.821" level="INFO">${link_text} = When do you want to make your trip?</msg>
<status status="PASS" starttime="20200319 14:52:36.677" endtime="20200319 14:52:36.821"></status>
</kw>
<kw name="Should Be Equal" library="BuiltIn">
<doc>Fails if the given objects are unequal.</doc>
<arguments>
<arg>${link_text}</arg>
<arg>When do you want to make your trip?</arg>
</arguments>
<status status="PASS" starttime="20200319 14:52:36.822" endtime="20200319 14:52:36.822"></status>
</kw>
<status status="PASS" starttime="20200319 14:52:36.677" endtime="20200319 14:52:36.822"></status>
</kw>
<status status="PASS" starttime="20200319 14:52:27.241" endtime="20200319 14:52:36.823"></status>
</kw>
<kw name="Go To Web Page" library="keywords">
<kw name="Go To" library="SeleniumLibrary">
<doc>Navigates the current browser window to the provided ``url``.</doc>
<arguments>
<arg>${URL}</arg>
</arguments>
<msg timestamp="20200319 14:52:36.828" level="INFO">Opening url 'http://rental20.infotiv.net/'</msg>
<status status="PASS" starttime="20200319 14:52:36.828" endtime="20200319 14:52:37.239"></status>
</kw>
<status status="PASS" starttime="20200319 14:52:36.827" endtime="20200319 14:52:37.240"></status>
</kw>
<kw name="Verify Page Loaded" library="keywords">
<kw name="Get Text" library="SeleniumLibrary">
<doc>Returns the text value of the element identified by ``locator``.</doc>
<arguments>
<arg>id:questionText</arg>
</arguments>
<assign>
<var>${link_text}</var>
</assign>
<msg timestamp="20200319 14:52:37.385" level="INFO">${link_text} = When do you want to make your trip?</msg>
<status status="PASS" starttime="20200319 14:52:37.253" endtime="20200319 14:52:37.385"></status>
</kw>
<kw name="Should Be Equal" library="BuiltIn">
<doc>Fails if the given objects are unequal.</doc>
<arguments>
<arg>${link_text}</arg>
<arg>When do you want to make your trip?</arg>
</arguments>
<status status="PASS" starttime="20200319 14:52:37.386" endtime="20200319 14:52:37.386"></status>
</kw>
<status status="PASS" starttime="20200319 14:52:37.252" endtime="20200319 14:52:37.386"></status>
</kw>
<kw name="Enter Email" library="keywords">
<arguments>
<arg>${EMAIL}</arg>
</arguments>
<kw name="Input Text" library="SeleniumLibrary">
<doc>Types the given ``text`` into the text field identified by ``locator``.</doc>
<arguments>
<arg>xpath://input[@id="email"]</arg>
<arg>${email}</arg>
</arguments>
<msg timestamp="20200319 14:52:37.395" level="INFO">Typing text 'needtsleep@gmail.com' into text field 'xpath://input[@id="email"]'.</msg>
<status status="PASS" starttime="20200319 14:52:37.395" endtime="20200319 14:52:38.130"></status>
</kw>
<status status="PASS" starttime="20200319 14:52:37.394" endtime="20200319 14:52:38.130"></status>
</kw>
<kw name="ENTER PASSWORD" library="keywords">
<arguments>
<arg>${PASSWORD}</arg>
</arguments>
<kw name="Input Text" library="SeleniumLibrary">
<doc>Types the given ``text`` into the text field identified by ``locator``.</doc>
<arguments>
<arg>xpath://input[@id="password"]</arg>
<arg>${password}</arg>
</arguments>
<msg timestamp="20200319 14:52:38.138" level="INFO">Typing text 'murre123' into text field 'xpath://input[@id="password"]'.</msg>
<status status="PASS" starttime="20200319 14:52:38.138" endtime="20200319 14:52:38.512"></status>
</kw>
<status status="PASS" starttime="20200319 14:52:38.136" endtime="20200319 14:52:38.513"></status>
</kw>
<kw name="Click Button Login" library="keywords">
<kw name="Click Button" library="SeleniumLibrary">
<doc>Clicks the button identified by ``locator``.</doc>
<arguments>
<arg>xpath://button[@id="login"]</arg>
</arguments>
<msg timestamp="20200319 14:52:38.517" level="INFO">Clicking button 'xpath://button[@id="login"]'.</msg>
<status status="PASS" starttime="20200319 14:52:38.517" endtime="20200319 14:52:39.327"></status>
</kw>
<status status="PASS" starttime="20200319 14:52:38.517" endtime="20200319 14:52:39.328"></status>
</kw>
<kw name="Click Link And Verify Page" library="keywords">
<arguments>
<arg>about.php</arg>
<arg>about</arg>
</arguments>
<kw name="Click Link" library="SeleniumLibrary">
<doc>Clicks a link identified by ``locator``.</doc>
<arguments>
<arg>xpath://a[@id="${link_id}"]</arg>
</arguments>
<msg timestamp="20200319 14:52:39.330" level="INFO">Clicking link 'xpath://a[@id="about"]'.</msg>
<status status="PASS" starttime="20200319 14:52:39.330" endtime="20200319 14:52:39.986"></status>
</kw>
<kw name="Location Should Contain" library="SeleniumLibrary">
<doc>Verifies that the current URL contains ``expected``.</doc>
<arguments>
<arg>${url_should_contain}</arg>
</arguments>
<msg timestamp="20200319 14:52:40.024" level="INFO">Current location contains 'about.php'.</msg>
<status status="PASS" starttime="20200319 14:52:39.987" endtime="20200319 14:52:40.024"></status>
</kw>
<status status="PASS" starttime="20200319 14:52:39.329" endtime="20200319 14:52:40.024"></status>
</kw>
<kw name="Click Element And Verify Page" library="keywords">
<arguments>
<arg>index.php</arg>
<arg>logo</arg>
</arguments>
<kw name="Click Element" library="SeleniumLibrary">
<doc>Click the element identified by ``locator``.</doc>
<arguments>
<arg>xpath://div[@id="${element_id}"]</arg>
</arguments>
<msg timestamp="20200319 14:52:40.030" level="INFO">Clicking element 'xpath://div[@id="logo"]'.</msg>
<status status="PASS" starttime="20200319 14:52:40.029" endtime="20200319 14:52:40.526"></status>
</kw>
<kw name="Location Should Contain" library="SeleniumLibrary">
<doc>Verifies that the current URL contains ``expected``.</doc>
<arguments>
<arg>${url_should_contain}</arg>
</arguments>
<msg timestamp="20200319 14:52:40.532" level="INFO">Current location contains 'index.php'.</msg>
<status status="PASS" starttime="20200319 14:52:40.526" endtime="20200319 14:52:40.532"></status>
</kw>
<status status="PASS" starttime="20200319 14:52:40.029" endtime="20200319 14:52:40.533"></status>
</kw>
<kw name="Click Button And Verify Page" library="keywords">
<arguments>
<arg>myPage.php</arg>
<arg>mypage</arg>
</arguments>
<kw name="Click Button" library="SeleniumLibrary">
<doc>Clicks the button identified by ``locator``.</doc>
<arguments>
<arg>xpath://button[@id="${button_id}"]</arg>
</arguments>
<msg timestamp="20200319 14:52:40.560" level="INFO">Clicking button 'xpath://button[@id="mypage"]'.</msg>
<status status="PASS" starttime="20200319 14:52:40.559" endtime="20200319 14:52:41.066"></status>
</kw>
<kw name="Location Should Contain" library="SeleniumLibrary">
<doc>Verifies that the current URL contains ``expected``.</doc>
<arguments>
<arg>${url_should_contain}</arg>
</arguments>
<msg timestamp="20200319 14:52:41.115" level="INFO">Current location contains 'myPage.php'.</msg>
<status status="PASS" starttime="20200319 14:52:41.066" endtime="20200319 14:52:41.116"></status>
</kw>
<status status="PASS" starttime="20200319 14:52:40.558" endtime="20200319 14:52:41.116"></status>
</kw>
<kw name="Click Selected Button" library="keywords">
<arguments>
<arg>show</arg>
</arguments>
<kw name="Click Button" library="SeleniumLibrary">
<doc>Clicks the button identified by ``locator``.</doc>
<arguments>
<arg>xpath://button[@id="${button_id}"]</arg>
</arguments>
<msg timestamp="20200319 14:52:41.144" level="INFO">Clicking button 'xpath://button[@id="show"]'.</msg>
<status status="PASS" starttime="20200319 14:52:41.143" endtime="20200319 14:52:41.373"></status>
</kw>
<status status="PASS" starttime="20200319 14:52:41.143" endtime="20200319 14:52:41.373"></status>
</kw>
<kw name="Check Page Contains" library="keywords">
<arguments>
<arg>Order</arg>
</arguments>
<kw name="Wait Until Page Contains" library="SeleniumLibrary">
<doc>Waits until ``text`` appears on the current page.</doc>
<arguments>
<arg>Order</arg>
</arguments>
<status status="PASS" starttime="20200319 14:52:41.377" endtime="20200319 14:52:41.412"></status>
</kw>
<kw name="Page Should Contain" library="SeleniumLibrary">
<doc>Verifies that current page contains ``text``.</doc>
<arguments>
<arg>${text}</arg>
</arguments>
<msg timestamp="20200319 14:52:41.443" level="INFO">Current page contains text 'Order'.</msg>
<status status="PASS" starttime="20200319 14:52:41.412" endtime="20200319 14:52:41.443"></status>
</kw>
<status status="PASS" starttime="20200319 14:52:41.376" endtime="20200319 14:52:41.443"></status>
</kw>
<kw name="Click Selected Button" library="keywords">
<arguments>
<arg>hide</arg>
</arguments>
<kw name="Click Button" library="SeleniumLibrary">
<doc>Clicks the button identified by ``locator``.</doc>
<arguments>
<arg>xpath://button[@id="${button_id}"]</arg>
</arguments>
<msg timestamp="20200319 14:52:41.445" level="INFO">Clicking button 'xpath://button[@id="hide"]'.</msg>
<status status="PASS" starttime="20200319 14:52:41.445" endtime="20200319 14:52:41.615"></status>
</kw>
<status status="PASS" starttime="20200319 14:52:41.444" endtime="20200319 14:52:41.616"></status>
</kw>
<kw name="Click Element And Verify Page" library="keywords">
<arguments>
<arg>index.php</arg>
<arg>logo</arg>
</arguments>
<kw name="Click Element" library="SeleniumLibrary">
<doc>Click the element identified by ``locator``.</doc>
<arguments>
<arg>xpath://div[@id="${element_id}"]</arg>
</arguments>
<msg timestamp="20200319 14:52:41.617" level="INFO">Clicking element 'xpath://div[@id="logo"]'.</msg>
<status status="PASS" starttime="20200319 14:52:41.617" endtime="20200319 14:52:41.986"></status>
</kw>
<kw name="Location Should Contain" library="SeleniumLibrary">
<doc>Verifies that the current URL contains ``expected``.</doc>
<arguments>
<arg>${url_should_contain}</arg>
</arguments>
<msg timestamp="20200319 14:52:41.999" level="INFO">Current location contains 'index.php'.</msg>
<status status="PASS" starttime="20200319 14:52:41.990" endtime="20200319 14:52:41.999"></status>
</kw>
<status status="PASS" starttime="20200319 14:52:41.616" endtime="20200319 14:52:42.000"></status>
</kw>
<kw name="Book Car" library="keywords">
<kw name="Input Text" library="SeleniumLibrary">
<doc>Types the given ``text`` into the text field identified by ``locator``.</doc>
<arguments>
<arg>xpath://input[@id="start"]</arg>
<arg>03-20</arg>
</arguments>
<msg timestamp="20200319 14:52:42.002" level="INFO">Typing text '03-20' into text field 'xpath://input[@id="start"]'.</msg>
<status status="PASS" starttime="20200319 14:52:42.001" endtime="20200319 14:52:42.446"></status>
</kw>
<kw name="Input Text" library="SeleniumLibrary">
<doc>Types the given ``text`` into the text field identified by ``locator``.</doc>
<arguments>
<arg>xpath://input[@id="end"]</arg>
<arg>04-03</arg>
</arguments>
<msg timestamp="20200319 14:52:42.447" level="INFO">Typing text '04-03' into text field 'xpath://input[@id="end"]'.</msg>
<status status="PASS" starttime="20200319 14:52:42.446" endtime="20200319 14:52:42.643"></status>
</kw>
<kw name="Click Selected Button" library="keywords">
<arguments>
<arg>continue</arg>
</arguments>
<kw name="Click Button" library="SeleniumLibrary">
<doc>Clicks the button identified by ``locator``.</doc>
<arguments>
<arg>xpath://button[@id="${button_id}"]</arg>
</arguments>
<msg timestamp="20200319 14:52:42.645" level="INFO">Clicking button 'xpath://button[@id="continue"]'.</msg>
<status status="PASS" starttime="20200319 14:52:42.644" endtime="20200319 14:52:44.145"></status>
</kw>
<status status="PASS" starttime="20200319 14:52:42.643" endtime="20200319 14:52:44.146"></status>
</kw>
<kw name="Wait Until Page Contains Element" library="SeleniumLibrary">
<doc>Waits until the element ``locator`` appears on the current page.</doc>
<arguments>
<arg>xpath://input[@id="bookQ7pass7"]</arg>
<arg>timeout=30</arg>
</arguments>
<status status="PASS" starttime="20200319 14:52:44.146" endtime="20200319 14:52:44.248"></status>
</kw>
<kw name="Click Element" library="SeleniumLibrary">
<doc>Click the element identified by ``locator``.</doc>
<arguments>
<arg>xpath://*[@id="bookQ7pass7"]</arg>
</arguments>
<msg timestamp="20200319 14:52:44.249" level="INFO">Clicking element 'xpath://*[@id="bookQ7pass7"]'.</msg>
<status status="PASS" starttime="20200319 14:52:44.248" endtime="20200319 14:52:45.451"></status>
</kw>
<kw name="Wait Until Page Contains Element" library="SeleniumLibrary">
<doc>Waits until the element ``locator`` appears on the current page.</doc>
<arguments>
<arg>xpath://input[@id="cardNum"]</arg>
<arg>timeout=12</arg>
</arguments>
<status status="PASS" starttime="20200319 14:52:45.451" endtime="20200319 14:52:45.567"></status>
</kw>
<kw name="Input Text" library="SeleniumLibrary">
<doc>Types the given ``text`` into the text field identified by ``locator``.</doc>
<arguments>
<arg>xpath://input[@id="cardNum"]</arg>
<arg>0123456789012345</arg>
</arguments>
<msg timestamp="20200319 14:52:45.568" level="INFO">Typing text '0123456789012345' into text field 'xpath://input[@id="cardNum"]'.</msg>
<status status="PASS" starttime="20200319 14:52:45.567" endtime="20200319 14:52:46.179"></status>
</kw>
<kw name="Input Text" library="SeleniumLibrary">
<doc>Types the given ``text`` into the text field identified by ``locator``.</doc>
<arguments>
<arg>xpath://input[@id="fullName"]</arg>
<arg>Anonymous Coward</arg>
</arguments>
<msg timestamp="20200319 14:52:46.180" level="INFO">Typing text 'Anonymous Coward' into text field 'xpath://input[@id="fullName"]'.</msg>
<status status="PASS" starttime="20200319 14:52:46.180" endtime="20200319 14:52:46.809"></status>
</kw>
<kw name="Click Element" library="SeleniumLibrary">
<doc>Click the element identified by ``locator``.</doc>
<arguments>
<arg>xpath://*[@id="month3"]</arg>
</arguments>
<msg timestamp="20200319 14:52:46.810" level="INFO">Clicking element 'xpath://*[@id="month3"]'.</msg>
<status status="PASS" starttime="20200319 14:52:46.809" endtime="20200319 14:52:46.922"></status>
</kw>
<kw name="Click Element" library="SeleniumLibrary">
<doc>Click the element identified by ``locator``.</doc>
<arguments>
<arg>xpath://*[@id="month2024"]</arg>
</arguments>
<msg timestamp="20200319 14:52:46.923" level="INFO">Clicking element 'xpath://*[@id="month2024"]'.</msg>
<status status="PASS" starttime="20200319 14:52:46.923" endtime="20200319 14:52:47.049"></status>
</kw>
<kw name="Input Text" library="SeleniumLibrary">
<doc>Types the given ``text`` into the text field identified by ``locator``.</doc>
<arguments>
<arg>xpath://input[@id="cvc"]</arg>
<arg>123</arg>
</arguments>
<msg timestamp="20200319 14:52:47.050" level="INFO">Typing text '123' into text field 'xpath://input[@id="cvc"]'.</msg>
<status status="PASS" starttime="20200319 14:52:47.049" endtime="20200319 14:52:47.292"></status>
</kw>
<kw name="Click Button" library="SeleniumLibrary">
<doc>Clicks the button identified by ``locator``.</doc>
<arguments>
<arg>xpath://button[@id="confirm"]</arg>
</arguments>
<msg timestamp="20200319 14:52:47.293" level="INFO">Clicking button 'xpath://button[@id="confirm"]'.</msg>
<status status="PASS" starttime="20200319 14:52:47.292" endtime="20200319 14:52:47.744"></status>
</kw>
<kw name="Page Should Contain" library="SeleniumLibrary">
<doc>Verifies that current page contains ``text``.</doc>
<arguments>
<arg>is now ready for pickup</arg>
</arguments>
<msg timestamp="20200319 14:52:47.826" level="INFO">Current page contains text 'is now ready for pickup'.</msg>
<status status="PASS" starttime="20200319 14:52:47.745" endtime="20200319 14:52:47.827"></status>
</kw>
<kw name="Click Button" library="SeleniumLibrary">
<doc>Clicks the button identified by ``locator``.</doc>
<arguments>
<arg>xpath://button[@id="mypage"]</arg>
</arguments>
<msg timestamp="20200319 14:52:47.827" level="INFO">Clicking button 'xpath://button[@id="mypage"]'.</msg>
<status status="PASS" starttime="20200319 14:52:47.827" endtime="20200319 14:52:48.310"></status>
</kw>
<kw name="Page Should Contain" library="SeleniumLibrary">
<doc>Verifies that current page contains ``text``.</doc>
<arguments>
<arg>My bookings</arg>
</arguments>
<msg timestamp="20200319 14:52:48.358" level="INFO">Current page contains text 'My bookings'.</msg>
<status status="PASS" starttime="20200319 14:52:48.310" endtime="20200319 14:52:48.358"></status>
</kw>
<kw name="Click Button" library="SeleniumLibrary">
<doc>Clicks the button identified by ``locator``.</doc>
<arguments>
<arg>xpath://button[@id="unBook1"]</arg>
</arguments>
<msg timestamp="20200319 14:52:48.359" level="INFO">Clicking button 'xpath://button[@id="unBook1"]'.</msg>
<status status="PASS" starttime="20200319 14:52:48.358" endtime="20200319 14:52:48.576"></status>
</kw>
<kw name="Handle Alert" library="SeleniumLibrary">
<doc>Handles the current alert and returns its message.</doc>
<status status="PASS" starttime="20200319 14:52:48.577" endtime="20200319 14:52:48.641"></status>
</kw>
<status status="PASS" starttime="20200319 14:52:42.000" endtime="20200319 14:52:48.641"></status>
</kw>
<kw name="Log Out" library="keywords">
<kw name="Click Button" library="SeleniumLibrary">
<doc>Clicks the button identified by ``locator``.</doc>
<arguments>
<arg>xpath://button[@id="logout"]</arg>
</arguments>
<msg timestamp="20200319 14:52:48.664" level="INFO">Clicking button 'xpath://button[@id="logout"]'.</msg>
<status status="PASS" starttime="20200319 14:52:48.663" endtime="20200319 14:52:49.646"></status>
</kw>
<status status="PASS" starttime="20200319 14:52:48.663" endtime="20200319 14:52:49.646"></status>
</kw>
<kw name="End Web Test" library="keywords" type="teardown">
<kw name="Close Browser" library="SeleniumLibrary">
<doc>Closes the current browser.</doc>
<status status="PASS" starttime="20200319 14:52:49.663" endtime="20200319 14:52:52.099"></status>
</kw>
<status status="PASS" starttime="20200319 14:52:49.662" endtime="20200319 14:52:52.100"></status>
</kw>
<doc>Extended test</doc>
<tags>
<tag>Testfall 5: try buy</tag>
</tags>
<status status="PASS" starttime="20200319 14:52:27.238" endtime="20200319 14:52:52.103" critical="yes"></status>
</test>
<doc>Global documentation</doc>
<status status="PASS" starttime="20200319 14:51:12.755" endtime="20200319 14:52:52.116"></status>
</suite>
<status status="PASS" starttime="20200319 14:51:12.692" endtime="20200319 14:52:52.139"></status>
</suite>
<statistics>
<total>
<stat pass="5" fail="0">Critical Tests</stat>
<stat pass="5" fail="0">All Tests</stat>
</total>
<tag>
<stat pass="1" fail="0">Testfall 1: Negative</stat>
<stat pass="1" fail="0">Testfall 2: Gherkin Test MyPage</stat>
<stat pass="1" fail="0">Testfall 3: Submit no value</stat>
<stat pass="1" fail="0">Testfall 4: Reset Button</stat>
<stat pass="1" fail="0">Testfall 5: try buy</stat>
</tag>
<suite>
<stat pass="5" fail="0" id="s1" name="Tests">Tests</stat>
<stat pass="5" fail="0" id="s1-s1" name="Lab2">Tests.Lab2</stat>
</suite>
</statistics>
<errors>
</errors>
</robot>
